<?xml version="1.0" encoding="UTF-8"?>
<!-- Generated by org.testng.reporters.JUnitReportReporter -->
<testsuite hostname="joshwas-MacBook-Pro.local" failures="0" tests="1" name="com.qa.ExtentReportListener.ExtentReportsListener" time="0.016" errors="0" timestamp="2022-02-01T19:52:12 CST" skipped="0">
  <testcase classname="com.qa.ExtentReportListener.ExtentReportsListener" name="test1" time="0.016"/>
  <system-out/>
</testsuite> <!-- com.qa.ExtentReportListener.ExtentReportsListener -->
