<?xml version="1.0" encoding="UTF-8"?>
<!-- Generated by org.testng.reporters.JUnitReportReporter -->
<testsuite hostname="joshwas-MacBook-Pro.local" failures="0" tests="1" name="com.crm.qa.testcases.SportsPageTest" time="24.486" errors="0" timestamp="2022-01-29T11:59:27 CST" skipped="0">
  <testcase classname="com.crm.qa.testcases.SportsPageTest" name="verifySportsPageLabel" time="24.486"/>
  <system-out/>
</testsuite> <!-- com.crm.qa.testcases.SportsPageTest -->
