<?xml version="1.0" encoding="UTF-8"?>
<!-- Generated by org.testng.reporters.JUnitReportReporter -->
<testsuite hostname="joshwas-MacBook-Pro.local" failures="0" tests="1" name="com.crm.qa.testcases.LoginPageTest" time="14.267" errors="0" timestamp="2022-02-04T20:43:02 CST" skipped="0">
  <testcase classname="com.crm.qa.testcases.LoginPageTest" name="loginPageTitleTest" time="14.267"/>
  <system-out/>
</testsuite> <!-- com.crm.qa.testcases.LoginPageTest -->
